<?xml version="1.0" encoding="UTF-8"?>
<!-- Generated by org.testng.reporters.JUnitReportReporter -->
<testsuite hostname="Sureshs-MacBook-Pro.local" failures="0" tests="1" name="demoTest.Summing" time="0.011" errors="0" timestamp="2022-12-18T22:04:00 IST" skipped="0">
  <testcase classname="demoTest.Summing" name="mSumming" time="0.011"/>
  <system-out/>
</testsuite> <!-- demoTest.Summing -->
